  Example3D.cpp
c:\users\rebel\source\repos\firstapp3d\firstapp\angel.h(64): warning C4305: 'initializing': truncation from 'double' to 'GLfloat'
c:\users\rebel\source\repos\firstapp3d\firstapp\mat.h(698): warning C4244: '=': conversion from 'double' to 'GLfloat', possible loss of data
c:\users\rebel\source\repos\firstapp3d\firstapp\mat.h(699): warning C4244: '=': conversion from 'double' to 'GLfloat', possible loss of data
c:\users\rebel\source\repos\firstapp3d\firstapp\mat.h(700): warning C4244: '=': conversion from 'double' to 'GLfloat', possible loss of data
c:\users\rebel\source\repos\firstapp3d\firstapp\mat.h(721): warning C4244: '=': conversion from 'double' to 'GLfloat', possible loss of data
c:\users\rebel\source\repos\firstapp3d\firstapp\mat.h(723): warning C4244: '=': conversion from 'double' to 'GLfloat', possible loss of data
c:\users\rebel\source\repos\firstapp3d\firstapp\mat.h(726): warning C4244: '=': conversion from 'double' to 'GLfloat', possible loss of data
c:\users\rebel\source\repos\firstapp3d\firstapp\mat.h(743): warning C4244: '=': conversion from 'double' to 'GLfloat', possible loss of data
c:\users\rebel\source\repos\firstapp3d\firstapp\example3d.cpp(29): warning C4305: 'argument': truncation from 'double' to 'GLfloat'
c:\users\rebel\source\repos\firstapp3d\firstapp\example3d.cpp(33): warning C4305: 'argument': truncation from 'double' to 'GLfloat'
c:\users\rebel\source\repos\firstapp3d\firstapp\example3d.cpp(34): warning C4305: 'argument': truncation from 'double' to 'GLfloat'
c:\users\rebel\source\repos\firstapp3d\firstapp\example3d.cpp(35): warning C4305: 'argument': truncation from 'double' to 'GLfloat'
c:\users\rebel\source\repos\firstapp3d\firstapp\example3d.cpp(36): warning C4305: 'initializing': truncation from 'double' to 'float'
c:\users\rebel\source\repos\firstapp3d\firstapp\example3d.cpp(38): warning C4305: 'argument': truncation from 'double' to 'GLfloat'
c:\users\rebel\source\repos\firstapp3d\firstapp\example3d.cpp(39): warning C4305: 'argument': truncation from 'double' to 'GLfloat'
c:\users\rebel\source\repos\firstapp3d\firstapp\example3d.cpp(40): warning C4305: 'argument': truncation from 'double' to 'GLfloat'
c:\users\rebel\source\repos\firstapp3d\firstapp\example3d.cpp(41): warning C4305: 'initializing': truncation from 'double' to 'float'
c:\users\rebel\source\repos\firstapp3d\firstapp\example3d.cpp(43): warning C4305: 'argument': truncation from 'double' to 'GLfloat'
c:\users\rebel\source\repos\firstapp3d\firstapp\example3d.cpp(44): warning C4305: 'argument': truncation from 'double' to 'GLfloat'
c:\users\rebel\source\repos\firstapp3d\firstapp\example3d.cpp(45): warning C4305: 'argument': truncation from 'double' to 'GLfloat'
c:\users\rebel\source\repos\firstapp3d\firstapp\example3d.cpp(46): warning C4305: 'initializing': truncation from 'double' to 'float'
c:\users\rebel\source\repos\firstapp3d\firstapp\example3d.cpp(48): warning C4305: 'argument': truncation from 'double' to 'GLfloat'
c:\users\rebel\source\repos\firstapp3d\firstapp\example3d.cpp(49): warning C4305: 'argument': truncation from 'double' to 'GLfloat'
c:\users\rebel\source\repos\firstapp3d\firstapp\example3d.cpp(50): warning C4305: 'argument': truncation from 'double' to 'GLfloat'
c:\users\rebel\source\repos\firstapp3d\firstapp\example3d.cpp(53): warning C4305: 'argument': truncation from 'double' to 'GLfloat'
c:\users\rebel\source\repos\firstapp3d\firstapp\example3d.cpp(54): warning C4305: 'argument': truncation from 'double' to 'GLfloat'
c:\users\rebel\source\repos\firstapp3d\firstapp\example3d.cpp(55): warning C4305: 'argument': truncation from 'double' to 'GLfloat'
c:\users\rebel\source\repos\firstapp3d\firstapp\example3d.cpp(56): warning C4305: 'initializing': truncation from 'double' to 'float'
c:\users\rebel\source\repos\firstapp3d\firstapp\example3d.cpp(58): warning C4305: 'argument': truncation from 'double' to 'GLfloat'
c:\users\rebel\source\repos\firstapp3d\firstapp\example3d.cpp(59): warning C4305: 'argument': truncation from 'double' to 'GLfloat'
c:\users\rebel\source\repos\firstapp3d\firstapp\example3d.cpp(60): warning C4305: 'argument': truncation from 'double' to 'GLfloat'
c:\users\rebel\source\repos\firstapp3d\firstapp\example3d.cpp(61): warning C4305: 'initializing': truncation from 'double' to 'float'
c:\users\rebel\source\repos\firstapp3d\firstapp\example3d.cpp(63): warning C4305: 'argument': truncation from 'double' to 'GLfloat'
c:\users\rebel\source\repos\firstapp3d\firstapp\example3d.cpp(64): warning C4305: 'argument': truncation from 'double' to 'GLfloat'
c:\users\rebel\source\repos\firstapp3d\firstapp\example3d.cpp(65): warning C4305: 'argument': truncation from 'double' to 'GLfloat'
c:\users\rebel\source\repos\firstapp3d\firstapp\example3d.cpp(66): warning C4305: 'initializing': truncation from 'double' to 'float'
c:\users\rebel\source\repos\firstapp3d\firstapp\example3d.cpp(68): warning C4305: 'argument': truncation from 'double' to 'GLfloat'
c:\users\rebel\source\repos\firstapp3d\firstapp\example3d.cpp(69): warning C4305: 'argument': truncation from 'double' to 'GLfloat'
c:\users\rebel\source\repos\firstapp3d\firstapp\example3d.cpp(70): warning C4305: 'argument': truncation from 'double' to 'GLfloat'
c:\users\rebel\source\repos\firstapp3d\firstapp\example3d.cpp(71): warning C4305: 'initializing': truncation from 'double' to 'float'
c:\users\rebel\source\repos\firstapp3d\firstapp\example3d.cpp(73): warning C4305: 'argument': truncation from 'double' to 'GLfloat'
c:\users\rebel\source\repos\firstapp3d\firstapp\example3d.cpp(74): warning C4305: 'argument': truncation from 'double' to 'GLfloat'
c:\users\rebel\source\repos\firstapp3d\firstapp\example3d.cpp(75): warning C4305: 'argument': truncation from 'double' to 'GLfloat'
c:\users\rebel\source\repos\firstapp3d\firstapp\example3d.cpp(76): warning C4305: 'initializing': truncation from 'double' to 'float'
c:\users\rebel\source\repos\firstapp3d\firstapp\example3d.cpp(78): warning C4305: 'argument': truncation from 'double' to 'GLfloat'
c:\users\rebel\source\repos\firstapp3d\firstapp\example3d.cpp(79): warning C4305: 'argument': truncation from 'double' to 'GLfloat'
c:\users\rebel\source\repos\firstapp3d\firstapp\example3d.cpp(80): warning C4305: 'argument': truncation from 'double' to 'GLfloat'
c:\users\rebel\source\repos\firstapp3d\firstapp\example3d.cpp(81): warning C4305: 'initializing': truncation from 'double' to 'float'
c:\users\rebel\source\repos\firstapp3d\firstapp\example3d.cpp(83): warning C4305: 'argument': truncation from 'double' to 'GLfloat'
c:\users\rebel\source\repos\firstapp3d\firstapp\example3d.cpp(84): warning C4305: 'argument': truncation from 'double' to 'GLfloat'
c:\users\rebel\source\repos\firstapp3d\firstapp\example3d.cpp(85): warning C4305: 'argument': truncation from 'double' to 'GLfloat'
c:\users\rebel\source\repos\firstapp3d\firstapp\example3d.cpp(86): warning C4305: 'initializing': truncation from 'double' to 'float'
c:\users\rebel\source\repos\firstapp3d\firstapp\example3d.cpp(89): warning C4305: 'argument': truncation from 'double' to 'GLfloat'
c:\users\rebel\source\repos\firstapp3d\firstapp\example3d.cpp(90): warning C4305: 'argument': truncation from 'double' to 'GLfloat'
c:\users\rebel\source\repos\firstapp3d\firstapp\example3d.cpp(91): warning C4305: 'initializing': truncation from 'double' to 'float'
c:\users\rebel\source\repos\firstapp3d\firstapp\example3d.cpp(93): warning C4305: 'argument': truncation from 'double' to 'GLfloat'
c:\users\rebel\source\repos\firstapp3d\firstapp\example3d.cpp(94): warning C4305: 'argument': truncation from 'double' to 'GLfloat'
c:\users\rebel\source\repos\firstapp3d\firstapp\example3d.cpp(95): warning C4305: 'argument': truncation from 'double' to 'GLfloat'
c:\users\rebel\source\repos\firstapp3d\firstapp\example3d.cpp(96): warning C4305: 'initializing': truncation from 'double' to 'float'
c:\users\rebel\source\repos\firstapp3d\firstapp\example3d.cpp(98): warning C4305: 'argument': truncation from 'double' to 'GLfloat'
c:\users\rebel\source\repos\firstapp3d\firstapp\example3d.cpp(99): warning C4305: 'argument': truncation from 'double' to 'GLfloat'
c:\users\rebel\source\repos\firstapp3d\firstapp\example3d.cpp(100): warning C4305: 'argument': truncation from 'double' to 'GLfloat'
c:\users\rebel\source\repos\firstapp3d\firstapp\example3d.cpp(101): warning C4305: 'initializing': truncation from 'double' to 'float'
c:\users\rebel\source\repos\firstapp3d\firstapp\example3d.cpp(104): warning C4305: 'argument': truncation from 'double' to 'GLfloat'
c:\users\rebel\source\repos\firstapp3d\firstapp\example3d.cpp(108): warning C4305: 'argument': truncation from 'double' to 'GLfloat'
c:\users\rebel\source\repos\firstapp3d\firstapp\example3d.cpp(109): warning C4305: 'argument': truncation from 'double' to 'GLfloat'
c:\users\rebel\source\repos\firstapp3d\firstapp\example3d.cpp(110): warning C4305: 'argument': truncation from 'double' to 'GLfloat'
c:\users\rebel\source\repos\firstapp3d\firstapp\example3d.cpp(114): warning C4305: 'argument': truncation from 'double' to 'GLfloat'
c:\users\rebel\source\repos\firstapp3d\firstapp\example3d.cpp(115): warning C4305: 'argument': truncation from 'double' to 'GLfloat'
c:\users\rebel\source\repos\firstapp3d\firstapp\example3d.cpp(120): warning C4305: 'argument': truncation from 'double' to 'GLfloat'
c:\users\rebel\source\repos\firstapp3d\firstapp\example3d.cpp(124): warning C4305: 'argument': truncation from 'double' to 'GLfloat'
c:\users\rebel\source\repos\firstapp3d\firstapp\example3d.cpp(125): warning C4305: 'argument': truncation from 'double' to 'GLfloat'
c:\users\rebel\source\repos\firstapp3d\firstapp\example3d.cpp(130): warning C4305: 'argument': truncation from 'double' to 'GLfloat'
c:\users\rebel\source\repos\firstapp3d\firstapp\example3d.cpp(133): warning C4305: 'argument': truncation from 'double' to 'GLfloat'
c:\users\rebel\source\repos\firstapp3d\firstapp\example3d.cpp(134): warning C4305: 'argument': truncation from 'double' to 'GLfloat'
c:\users\rebel\source\repos\firstapp3d\firstapp\example3d.cpp(135): warning C4305: 'argument': truncation from 'double' to 'GLfloat'
c:\users\rebel\source\repos\firstapp3d\firstapp\example3d.cpp(138): warning C4305: 'argument': truncation from 'double' to 'GLfloat'
c:\users\rebel\source\repos\firstapp3d\firstapp\example3d.cpp(139): warning C4305: 'argument': truncation from 'double' to 'GLfloat'
c:\users\rebel\source\repos\firstapp3d\firstapp\example3d.cpp(140): warning C4305: 'argument': truncation from 'double' to 'GLfloat'
c:\users\rebel\source\repos\firstapp3d\firstapp\example3d.cpp(143): warning C4305: 'argument': truncation from 'double' to 'GLfloat'
c:\users\rebel\source\repos\firstapp3d\firstapp\example3d.cpp(144): warning C4305: 'argument': truncation from 'double' to 'GLfloat'
c:\users\rebel\source\repos\firstapp3d\firstapp\example3d.cpp(145): warning C4305: 'argument': truncation from 'double' to 'GLfloat'
c:\users\rebel\source\repos\firstapp3d\firstapp\example3d.cpp(148): warning C4305: 'argument': truncation from 'double' to 'GLfloat'
c:\users\rebel\source\repos\firstapp3d\firstapp\example3d.cpp(150): warning C4305: 'argument': truncation from 'double' to 'GLfloat'
c:\users\rebel\source\repos\firstapp3d\firstapp\example3d.cpp(153): warning C4305: 'argument': truncation from 'double' to 'GLfloat'
c:\users\rebel\source\repos\firstapp3d\firstapp\example3d.cpp(154): warning C4305: 'argument': truncation from 'double' to 'GLfloat'
c:\users\rebel\source\repos\firstapp3d\firstapp\example3d.cpp(155): warning C4305: 'argument': truncation from 'double' to 'GLfloat'
c:\users\rebel\source\repos\firstapp3d\firstapp\example3d.cpp(220): warning C4244: 'argument': conversion from 'double' to 'GLfloat', possible loss of data
c:\users\rebel\source\repos\firstapp3d\firstapp\example3d.cpp(251): warning C4305: '=': truncation from 'double' to 'GLfloat'
c:\users\rebel\source\repos\firstapp3d\firstapp\example3d.cpp(487): warning C4305: '*=': truncation from 'double' to 'GLfloat'
c:\users\rebel\source\repos\firstapp3d\firstapp\example3d.cpp(490): warning C4305: '*=': truncation from 'double' to 'GLfloat'
c:\users\rebel\source\repos\firstapp3d\firstapp\example3d.cpp(607): warning C4305: '+=': truncation from 'double' to 'GLfloat'
c:\users\rebel\source\repos\firstapp3d\firstapp\example3d.cpp(608): warning C4305: '+=': truncation from 'double' to 'GLfloat'
c:\users\rebel\source\repos\firstapp3d\firstapp\example3d.cpp(609): warning C4305: '+=': truncation from 'double' to 'GLfloat'
c:\users\rebel\source\repos\firstapp3d\firstapp\example3d.cpp(612): warning C4305: '-=': truncation from 'double' to 'GLfloat'
c:\users\rebel\source\repos\firstapp3d\firstapp\example3d.cpp(613): warning C4305: '-=': truncation from 'double' to 'GLfloat'
c:\users\rebel\source\repos\firstapp3d\firstapp\example3d.cpp(614): warning C4305: '-=': truncation from 'double' to 'GLfloat'
c:\users\rebel\source\repos\firstapp3d\firstapp\example3d.cpp(617): warning C4305: '-=': truncation from 'double' to 'GLfloat'
c:\users\rebel\source\repos\firstapp3d\firstapp\example3d.cpp(618): warning C4305: '-=': truncation from 'double' to 'GLfloat'
c:\users\rebel\source\repos\firstapp3d\firstapp\example3d.cpp(619): warning C4305: '-=': truncation from 'double' to 'GLfloat'
c:\users\rebel\source\repos\firstapp3d\firstapp\example3d.cpp(622): warning C4305: '+=': truncation from 'double' to 'GLfloat'
c:\users\rebel\source\repos\firstapp3d\firstapp\example3d.cpp(623): warning C4305: '+=': truncation from 'double' to 'GLfloat'
c:\users\rebel\source\repos\firstapp3d\firstapp\example3d.cpp(624): warning C4305: '+=': truncation from 'double' to 'GLfloat'
c:\users\rebel\source\repos\firstapp3d\firstapp\example3d.cpp(909): warning C4305: 'argument': truncation from 'double' to 'GLfloat'
c:\users\rebel\source\repos\firstapp3d\firstapp\example3d.cpp(926): warning C4305: 'argument': truncation from 'double' to 'GLfloat'
c:\users\rebel\source\repos\firstapp3d\firstapp\example3d.cpp(943): warning C4305: 'argument': truncation from 'double' to 'GLfloat'
c:\users\rebel\source\repos\firstapp3d\firstapp\example3d.cpp(960): warning C4305: 'argument': truncation from 'double' to 'GLfloat'
c:\users\rebel\source\repos\firstapp3d\firstapp\example3d.cpp(1040): warning C4305: 'argument': truncation from 'double' to 'GLfloat'
c:\users\rebel\source\repos\firstapp3d\firstapp\example3d.cpp(1053): warning C4305: 'argument': truncation from 'double' to 'GLfloat'
c:\users\rebel\source\repos\firstapp3d\firstapp\example3d.cpp(1063): warning C4305: 'argument': truncation from 'double' to 'GLfloat'
c:\users\rebel\source\repos\firstapp3d\firstapp\example3d.cpp(1065): warning C4305: 'argument': truncation from 'double' to 'GLfloat'
c:\users\rebel\source\repos\firstapp3d\firstapp\example3d.cpp(1137): warning C4305: '+=': truncation from 'double' to 'GLfloat'
c:\users\rebel\source\repos\firstapp3d\firstapp\example3d.cpp(1140): warning C4305: '-=': truncation from 'double' to 'GLfloat'
c:\users\rebel\source\repos\firstapp3d\firstapp\example3d.cpp(1143): warning C4305: '-=': truncation from 'double' to 'GLfloat'
c:\users\rebel\source\repos\firstapp3d\firstapp\example3d.cpp(1146): warning C4305: '+=': truncation from 'double' to 'GLfloat'
c:\users\rebel\source\repos\firstapp3d\firstapp\example3d.cpp(1176): warning C4244: 'argument': conversion from 'GLdouble' to 'const GLfloat', possible loss of data
  FirstApp.vcxproj -> C:\Users\Rebel\source\repos\FirstApp3D\Debug\FirstApp3D.exe
