  FirstApp.cpp
c:\users\rebel\source\repos\firstappglew\firstapp\angel.h(64): warning C4305: 'initializing': truncation from 'double' to 'GLfloat'
c:\users\rebel\source\repos\firstappglew\firstapp\mat.h(698): warning C4244: '=': conversion from 'double' to 'GLfloat', possible loss of data
c:\users\rebel\source\repos\firstappglew\firstapp\mat.h(699): warning C4244: '=': conversion from 'double' to 'GLfloat', possible loss of data
c:\users\rebel\source\repos\firstappglew\firstapp\mat.h(700): warning C4244: '=': conversion from 'double' to 'GLfloat', possible loss of data
c:\users\rebel\source\repos\firstappglew\firstapp\mat.h(721): warning C4244: '=': conversion from 'double' to 'GLfloat', possible loss of data
c:\users\rebel\source\repos\firstappglew\firstapp\mat.h(723): warning C4244: '=': conversion from 'double' to 'GLfloat', possible loss of data
c:\users\rebel\source\repos\firstappglew\firstapp\mat.h(726): warning C4244: '=': conversion from 'double' to 'GLfloat', possible loss of data
c:\users\rebel\source\repos\firstappglew\firstapp\mat.h(743): warning C4244: '=': conversion from 'double' to 'GLfloat', possible loss of data
c:\users\rebel\source\repos\firstappglew\firstapp\firstapp.cpp(31): warning C4305: 'argument': truncation from 'double' to 'GLfloat'
c:\users\rebel\source\repos\firstappglew\firstapp\firstapp.cpp(32): warning C4305: 'argument': truncation from 'double' to 'GLfloat'
c:\users\rebel\source\repos\firstappglew\firstapp\firstapp.cpp(33): warning C4305: 'argument': truncation from 'double' to 'GLfloat'
c:\users\rebel\source\repos\firstappglew\firstapp\firstapp.cpp(35): warning C4305: 'argument': truncation from 'double' to 'GLfloat'
c:\users\rebel\source\repos\firstappglew\firstapp\firstapp.cpp(36): warning C4305: 'argument': truncation from 'double' to 'GLfloat'
c:\users\rebel\source\repos\firstappglew\firstapp\firstapp.cpp(37): warning C4305: 'argument': truncation from 'double' to 'GLfloat'
c:\users\rebel\source\repos\firstappglew\firstapp\firstapp.cpp(39): warning C4305: 'argument': truncation from 'double' to 'GLfloat'
c:\users\rebel\source\repos\firstappglew\firstapp\firstapp.cpp(40): warning C4305: 'argument': truncation from 'double' to 'GLfloat'
c:\users\rebel\source\repos\firstappglew\firstapp\firstapp.cpp(41): warning C4305: 'argument': truncation from 'double' to 'GLfloat'
c:\users\rebel\source\repos\firstappglew\firstapp\firstapp.cpp(43): warning C4305: 'argument': truncation from 'double' to 'GLfloat'
c:\users\rebel\source\repos\firstappglew\firstapp\firstapp.cpp(44): warning C4305: 'argument': truncation from 'double' to 'GLfloat'
c:\users\rebel\source\repos\firstappglew\firstapp\firstapp.cpp(45): warning C4305: 'argument': truncation from 'double' to 'GLfloat'
c:\users\rebel\source\repos\firstappglew\firstapp\firstapp.cpp(49): warning C4305: 'argument': truncation from 'double' to 'GLfloat'
c:\users\rebel\source\repos\firstappglew\firstapp\firstapp.cpp(50): warning C4305: 'argument': truncation from 'double' to 'GLfloat'
c:\users\rebel\source\repos\firstappglew\firstapp\firstapp.cpp(51): warning C4305: 'argument': truncation from 'double' to 'GLfloat'
c:\users\rebel\source\repos\firstappglew\firstapp\firstapp.cpp(53): warning C4305: 'argument': truncation from 'double' to 'GLfloat'
c:\users\rebel\source\repos\firstappglew\firstapp\firstapp.cpp(54): warning C4305: 'argument': truncation from 'double' to 'GLfloat'
c:\users\rebel\source\repos\firstappglew\firstapp\firstapp.cpp(55): warning C4305: 'argument': truncation from 'double' to 'GLfloat'
c:\users\rebel\source\repos\firstappglew\firstapp\firstapp.cpp(57): warning C4305: 'argument': truncation from 'double' to 'GLfloat'
c:\users\rebel\source\repos\firstappglew\firstapp\firstapp.cpp(58): warning C4305: 'argument': truncation from 'double' to 'GLfloat'
c:\users\rebel\source\repos\firstappglew\firstapp\firstapp.cpp(59): warning C4305: 'argument': truncation from 'double' to 'GLfloat'
c:\users\rebel\source\repos\firstappglew\firstapp\firstapp.cpp(61): warning C4305: 'argument': truncation from 'double' to 'GLfloat'
c:\users\rebel\source\repos\firstappglew\firstapp\firstapp.cpp(62): warning C4305: 'argument': truncation from 'double' to 'GLfloat'
c:\users\rebel\source\repos\firstappglew\firstapp\firstapp.cpp(63): warning C4305: 'argument': truncation from 'double' to 'GLfloat'
c:\users\rebel\source\repos\firstappglew\firstapp\firstapp.cpp(66): warning C4305: 'argument': truncation from 'double' to 'GLfloat'
c:\users\rebel\source\repos\firstappglew\firstapp\firstapp.cpp(67): warning C4305: 'argument': truncation from 'double' to 'GLfloat'
c:\users\rebel\source\repos\firstappglew\firstapp\firstapp.cpp(69): warning C4305: 'argument': truncation from 'double' to 'GLfloat'
c:\users\rebel\source\repos\firstappglew\firstapp\firstapp.cpp(70): warning C4305: 'argument': truncation from 'double' to 'GLfloat'
c:\users\rebel\source\repos\firstappglew\firstapp\firstapp.cpp(71): warning C4305: 'argument': truncation from 'double' to 'GLfloat'
c:\users\rebel\source\repos\firstappglew\firstapp\firstapp.cpp(76): warning C4305: 'argument': truncation from 'double' to 'GLfloat'
c:\users\rebel\source\repos\firstappglew\firstapp\firstapp.cpp(77): warning C4305: 'argument': truncation from 'double' to 'GLfloat'
c:\users\rebel\source\repos\firstappglew\firstapp\firstapp.cpp(78): warning C4305: 'argument': truncation from 'double' to 'GLfloat'
c:\users\rebel\source\repos\firstappglew\firstapp\firstapp.cpp(80): warning C4305: 'argument': truncation from 'double' to 'GLfloat'
c:\users\rebel\source\repos\firstappglew\firstapp\firstapp.cpp(81): warning C4305: 'argument': truncation from 'double' to 'GLfloat'
c:\users\rebel\source\repos\firstappglew\firstapp\firstapp.cpp(82): warning C4305: 'argument': truncation from 'double' to 'GLfloat'
c:\users\rebel\source\repos\firstappglew\firstapp\firstapp.cpp(84): warning C4305: 'argument': truncation from 'double' to 'GLfloat'
c:\users\rebel\source\repos\firstappglew\firstapp\firstapp.cpp(85): warning C4305: 'argument': truncation from 'double' to 'GLfloat'
c:\users\rebel\source\repos\firstappglew\firstapp\firstapp.cpp(86): warning C4305: 'argument': truncation from 'double' to 'GLfloat'
c:\users\rebel\source\repos\firstappglew\firstapp\firstapp.cpp(88): warning C4305: 'argument': truncation from 'double' to 'GLfloat'
c:\users\rebel\source\repos\firstappglew\firstapp\firstapp.cpp(89): warning C4305: 'argument': truncation from 'double' to 'GLfloat'
c:\users\rebel\source\repos\firstappglew\firstapp\firstapp.cpp(90): warning C4305: 'argument': truncation from 'double' to 'GLfloat'
c:\users\rebel\source\repos\firstappglew\firstapp\firstapp.cpp(92): warning C4305: 'argument': truncation from 'double' to 'GLfloat'
c:\users\rebel\source\repos\firstappglew\firstapp\firstapp.cpp(93): warning C4305: 'argument': truncation from 'double' to 'GLfloat'
c:\users\rebel\source\repos\firstappglew\firstapp\firstapp.cpp(94): warning C4305: 'argument': truncation from 'double' to 'GLfloat'
c:\users\rebel\source\repos\firstappglew\firstapp\firstapp.cpp(96): warning C4305: 'argument': truncation from 'double' to 'GLfloat'
c:\users\rebel\source\repos\firstappglew\firstapp\firstapp.cpp(97): warning C4305: 'argument': truncation from 'double' to 'GLfloat'
c:\users\rebel\source\repos\firstappglew\firstapp\firstapp.cpp(98): warning C4305: 'argument': truncation from 'double' to 'GLfloat'
c:\users\rebel\source\repos\firstappglew\firstapp\firstapp.cpp(100): warning C4305: 'argument': truncation from 'double' to 'GLfloat'
c:\users\rebel\source\repos\firstappglew\firstapp\firstapp.cpp(101): warning C4305: 'argument': truncation from 'double' to 'GLfloat'
c:\users\rebel\source\repos\firstappglew\firstapp\firstapp.cpp(102): warning C4305: 'argument': truncation from 'double' to 'GLfloat'
c:\users\rebel\source\repos\firstappglew\firstapp\firstapp.cpp(104): warning C4305: 'argument': truncation from 'double' to 'GLfloat'
c:\users\rebel\source\repos\firstappglew\firstapp\firstapp.cpp(105): warning C4305: 'argument': truncation from 'double' to 'GLfloat'
c:\users\rebel\source\repos\firstappglew\firstapp\firstapp.cpp(106): warning C4305: 'argument': truncation from 'double' to 'GLfloat'
c:\users\rebel\source\repos\firstappglew\firstapp\firstapp.cpp(111): warning C4305: 'argument': truncation from 'double' to 'GLfloat'
c:\users\rebel\source\repos\firstappglew\firstapp\firstapp.cpp(112): warning C4305: 'argument': truncation from 'double' to 'GLfloat'
c:\users\rebel\source\repos\firstappglew\firstapp\firstapp.cpp(113): warning C4305: 'argument': truncation from 'double' to 'GLfloat'
c:\users\rebel\source\repos\firstappglew\firstapp\firstapp.cpp(115): warning C4305: 'argument': truncation from 'double' to 'GLfloat'
c:\users\rebel\source\repos\firstappglew\firstapp\firstapp.cpp(116): warning C4305: 'argument': truncation from 'double' to 'GLfloat'
c:\users\rebel\source\repos\firstappglew\firstapp\firstapp.cpp(117): warning C4305: 'argument': truncation from 'double' to 'GLfloat'
c:\users\rebel\source\repos\firstappglew\firstapp\firstapp.cpp(119): warning C4305: 'argument': truncation from 'double' to 'GLfloat'
c:\users\rebel\source\repos\firstappglew\firstapp\firstapp.cpp(120): warning C4305: 'argument': truncation from 'double' to 'GLfloat'
c:\users\rebel\source\repos\firstappglew\firstapp\firstapp.cpp(121): warning C4305: 'argument': truncation from 'double' to 'GLfloat'
c:\users\rebel\source\repos\firstappglew\firstapp\firstapp.cpp(123): warning C4305: 'argument': truncation from 'double' to 'GLfloat'
c:\users\rebel\source\repos\firstappglew\firstapp\firstapp.cpp(124): warning C4305: 'argument': truncation from 'double' to 'GLfloat'
c:\users\rebel\source\repos\firstappglew\firstapp\firstapp.cpp(125): warning C4305: 'argument': truncation from 'double' to 'GLfloat'
c:\users\rebel\source\repos\firstappglew\firstapp\firstapp.cpp(127): warning C4305: 'argument': truncation from 'double' to 'GLfloat'
c:\users\rebel\source\repos\firstappglew\firstapp\firstapp.cpp(128): warning C4305: 'argument': truncation from 'double' to 'GLfloat'
c:\users\rebel\source\repos\firstappglew\firstapp\firstapp.cpp(129): warning C4305: 'argument': truncation from 'double' to 'GLfloat'
c:\users\rebel\source\repos\firstappglew\firstapp\firstapp.cpp(131): warning C4305: 'argument': truncation from 'double' to 'GLfloat'
c:\users\rebel\source\repos\firstappglew\firstapp\firstapp.cpp(132): warning C4305: 'argument': truncation from 'double' to 'GLfloat'
c:\users\rebel\source\repos\firstappglew\firstapp\firstapp.cpp(133): warning C4305: 'argument': truncation from 'double' to 'GLfloat'
c:\users\rebel\source\repos\firstappglew\firstapp\firstapp.cpp(135): warning C4305: 'argument': truncation from 'double' to 'GLfloat'
c:\users\rebel\source\repos\firstappglew\firstapp\firstapp.cpp(136): warning C4305: 'argument': truncation from 'double' to 'GLfloat'
c:\users\rebel\source\repos\firstappglew\firstapp\firstapp.cpp(137): warning C4305: 'argument': truncation from 'double' to 'GLfloat'
c:\users\rebel\source\repos\firstappglew\firstapp\firstapp.cpp(139): warning C4305: 'argument': truncation from 'double' to 'GLfloat'
c:\users\rebel\source\repos\firstappglew\firstapp\firstapp.cpp(140): warning C4305: 'argument': truncation from 'double' to 'GLfloat'
c:\users\rebel\source\repos\firstappglew\firstapp\firstapp.cpp(141): warning C4305: 'argument': truncation from 'double' to 'GLfloat'
c:\users\rebel\source\repos\firstappglew\firstapp\firstapp.cpp(144): warning C4305: 'argument': truncation from 'double' to 'GLfloat'
c:\users\rebel\source\repos\firstappglew\firstapp\firstapp.cpp(145): warning C4305: 'argument': truncation from 'double' to 'GLfloat'
c:\users\rebel\source\repos\firstappglew\firstapp\firstapp.cpp(146): warning C4305: 'argument': truncation from 'double' to 'GLfloat'
c:\users\rebel\source\repos\firstappglew\firstapp\firstapp.cpp(148): warning C4305: 'argument': truncation from 'double' to 'GLfloat'
c:\users\rebel\source\repos\firstappglew\firstapp\firstapp.cpp(149): warning C4305: 'argument': truncation from 'double' to 'GLfloat'
c:\users\rebel\source\repos\firstappglew\firstapp\firstapp.cpp(150): warning C4305: 'argument': truncation from 'double' to 'GLfloat'
c:\users\rebel\source\repos\firstappglew\firstapp\firstapp.cpp(152): warning C4305: 'argument': truncation from 'double' to 'GLfloat'
c:\users\rebel\source\repos\firstappglew\firstapp\firstapp.cpp(153): warning C4305: 'argument': truncation from 'double' to 'GLfloat'
c:\users\rebel\source\repos\firstappglew\firstapp\firstapp.cpp(154): warning C4305: 'argument': truncation from 'double' to 'GLfloat'
c:\users\rebel\source\repos\firstappglew\firstapp\firstapp.cpp(156): warning C4305: 'argument': truncation from 'double' to 'GLfloat'
c:\users\rebel\source\repos\firstappglew\firstapp\firstapp.cpp(157): warning C4305: 'argument': truncation from 'double' to 'GLfloat'
c:\users\rebel\source\repos\firstappglew\firstapp\firstapp.cpp(158): warning C4305: 'argument': truncation from 'double' to 'GLfloat'
c:\users\rebel\source\repos\firstappglew\firstapp\firstapp.cpp(164): warning C4305: 'argument': truncation from 'double' to 'GLfloat'
c:\users\rebel\source\repos\firstappglew\firstapp\firstapp.cpp(165): warning C4305: 'argument': truncation from 'double' to 'GLfloat'
c:\users\rebel\source\repos\firstappglew\firstapp\firstapp.cpp(166): warning C4305: 'argument': truncation from 'double' to 'GLfloat'
c:\users\rebel\source\repos\firstappglew\firstapp\firstapp.cpp(168): warning C4305: 'argument': truncation from 'double' to 'GLfloat'
c:\users\rebel\source\repos\firstappglew\firstapp\firstapp.cpp(169): warning C4305: 'argument': truncation from 'double' to 'GLfloat'
c:\users\rebel\source\repos\firstappglew\firstapp\firstapp.cpp(170): warning C4305: 'argument': truncation from 'double' to 'GLfloat'
c:\users\rebel\source\repos\firstappglew\firstapp\firstapp.cpp(172): warning C4305: 'argument': truncation from 'double' to 'GLfloat'
c:\users\rebel\source\repos\firstappglew\firstapp\firstapp.cpp(173): warning C4305: 'argument': truncation from 'double' to 'GLfloat'
c:\users\rebel\source\repos\firstappglew\firstapp\firstapp.cpp(174): warning C4305: 'argument': truncation from 'double' to 'GLfloat'
c:\users\rebel\source\repos\firstappglew\firstapp\firstapp.cpp(176): warning C4305: 'argument': truncation from 'double' to 'GLfloat'
c:\users\rebel\source\repos\firstappglew\firstapp\firstapp.cpp(177): warning C4305: 'argument': truncation from 'double' to 'GLfloat'
c:\users\rebel\source\repos\firstappglew\firstapp\firstapp.cpp(178): warning C4305: 'argument': truncation from 'double' to 'GLfloat'
c:\users\rebel\source\repos\firstappglew\firstapp\firstapp.cpp(180): warning C4305: 'argument': truncation from 'double' to 'GLfloat'
c:\users\rebel\source\repos\firstappglew\firstapp\firstapp.cpp(181): warning C4305: 'argument': truncation from 'double' to 'GLfloat'
c:\users\rebel\source\repos\firstappglew\firstapp\firstapp.cpp(182): warning C4305: 'argument': truncation from 'double' to 'GLfloat'
c:\users\rebel\source\repos\firstappglew\firstapp\firstapp.cpp(184): warning C4305: 'argument': truncation from 'double' to 'GLfloat'
c:\users\rebel\source\repos\firstappglew\firstapp\firstapp.cpp(185): warning C4305: 'argument': truncation from 'double' to 'GLfloat'
c:\users\rebel\source\repos\firstappglew\firstapp\firstapp.cpp(186): warning C4305: 'argument': truncation from 'double' to 'GLfloat'
c:\users\rebel\source\repos\firstappglew\firstapp\firstapp.cpp(192): warning C4305: 'argument': truncation from 'double' to 'GLfloat'
c:\users\rebel\source\repos\firstappglew\firstapp\firstapp.cpp(193): warning C4305: 'argument': truncation from 'double' to 'GLfloat'
c:\users\rebel\source\repos\firstappglew\firstapp\firstapp.cpp(194): warning C4305: 'argument': truncation from 'double' to 'GLfloat'
c:\users\rebel\source\repos\firstappglew\firstapp\firstapp.cpp(196): warning C4305: 'argument': truncation from 'double' to 'GLfloat'
c:\users\rebel\source\repos\firstappglew\firstapp\firstapp.cpp(197): warning C4305: 'argument': truncation from 'double' to 'GLfloat'
c:\users\rebel\source\repos\firstappglew\firstapp\firstapp.cpp(198): warning C4305: 'argument': truncation from 'double' to 'GLfloat'
c:\users\rebel\source\repos\firstappglew\firstapp\firstapp.cpp(200): warning C4305: 'argument': truncation from 'double' to 'GLfloat'
c:\users\rebel\source\repos\firstappglew\firstapp\firstapp.cpp(201): warning C4305: 'argument': truncation from 'double' to 'GLfloat'
c:\users\rebel\source\repos\firstappglew\firstapp\firstapp.cpp(202): warning C4305: 'argument': truncation from 'double' to 'GLfloat'
c:\users\rebel\source\repos\firstappglew\firstapp\firstapp.cpp(204): warning C4305: 'argument': truncation from 'double' to 'GLfloat'
c:\users\rebel\source\repos\firstappglew\firstapp\firstapp.cpp(205): warning C4305: 'argument': truncation from 'double' to 'GLfloat'
c:\users\rebel\source\repos\firstappglew\firstapp\firstapp.cpp(206): warning C4305: 'argument': truncation from 'double' to 'GLfloat'
c:\users\rebel\source\repos\firstappglew\firstapp\firstapp.cpp(208): warning C4305: 'argument': truncation from 'double' to 'GLfloat'
c:\users\rebel\source\repos\firstappglew\firstapp\firstapp.cpp(209): warning C4305: 'argument': truncation from 'double' to 'GLfloat'
c:\users\rebel\source\repos\firstappglew\firstapp\firstapp.cpp(210): warning C4305: 'argument': truncation from 'double' to 'GLfloat'
c:\users\rebel\source\repos\firstappglew\firstapp\firstapp.cpp(212): warning C4305: 'argument': truncation from 'double' to 'GLfloat'
c:\users\rebel\source\repos\firstappglew\firstapp\firstapp.cpp(213): warning C4305: 'argument': truncation from 'double' to 'GLfloat'
c:\users\rebel\source\repos\firstappglew\firstapp\firstapp.cpp(214): warning C4305: 'argument': truncation from 'double' to 'GLfloat'
  FirstApp.vcxproj -> C:\Users\Rebel\source\repos\FirstAppGLEW\Debug\FirstApp.exe
